2024-12-07 03:40:59,016 - INFO - This is an informational message
2024-12-07 03:40:59,104 - INFO - init finished
2024-12-07 03:41:00,174 - INFO - New best model saved at Checkpoints/expr3d_forward_hard_x/best_model.pth 
2024-12-07 03:41:00,688 - INFO - New best model saved at Checkpoints/expr3d_forward_hard_x/best_model.pth 
2024-12-07 03:41:01,211 - INFO - New best model saved at Checkpoints/expr3d_forward_hard_x/best_model.pth 
2024-12-07 03:41:01,732 - INFO - New best model saved at Checkpoints/expr3d_forward_hard_x/best_model.pth 
2024-12-07 03:41:05,299 - INFO - New best model saved at Checkpoints/expr3d_forward_hard_x/best_model.pth 
2024-12-07 03:41:06,834 - INFO - New best model saved at Checkpoints/expr3d_forward_hard_x/best_model.pth 
2024-12-07 03:41:11,411 - INFO - New best model saved at Checkpoints/expr3d_forward_hard_x/best_model.pth 
2024-12-07 03:41:13,471 - INFO - New best model saved at Checkpoints/expr3d_forward_hard_x/best_model.pth 
2024-12-07 03:41:17,074 - INFO - New best model saved at Checkpoints/expr3d_forward_hard_x/best_model.pth 
2024-12-07 03:41:18,094 - INFO - New best model saved at Checkpoints/expr3d_forward_hard_x/best_model.pth 
2024-12-07 03:41:20,117 - INFO - New best model saved at Checkpoints/expr3d_forward_hard_x/best_model.pth 
2024-12-07 03:41:21,148 - INFO - New best model saved at Checkpoints/expr3d_forward_hard_x/best_model.pth 
2024-12-07 03:41:21,674 - INFO - New best model saved at Checkpoints/expr3d_forward_hard_x/best_model.pth 
2024-12-07 03:41:22,189 - INFO - New best model saved at Checkpoints/expr3d_forward_hard_x/best_model.pth 
2024-12-07 03:41:34,561 - INFO - New best model saved at Checkpoints/expr3d_forward_hard_x/best_model.pth 
2024-12-07 03:41:57,562 - INFO - New best model saved at Checkpoints/expr3d_forward_hard_x/best_model.pth 
2024-12-07 03:42:10,834 - INFO - New best model saved at Checkpoints/expr3d_forward_hard_x/best_model.pth 
2024-12-07 03:42:14,930 - INFO - New best model saved at Checkpoints/expr3d_forward_hard_x/best_model.pth 
2024-12-07 03:42:32,895 - INFO - New best model saved at Checkpoints/expr3d_forward_hard_x/best_model.pth 
2024-12-07 03:43:13,790 - INFO - Model loaded from Checkpoints/expr3d_forward_hard_x/best_model.pth
2024-12-07 03:43:14,578 - INFO - test_loss:0.004759494215250015
2024-12-07 03:51:02,411 - INFO - This is an informational message
2024-12-07 03:51:02,493 - INFO - init finished
2024-12-07 03:51:03,406 - INFO - New best model saved at Checkpoints/expr3d_forward_hard_x/best_model.pth 
2024-12-07 03:51:03,916 - INFO - New best model saved at Checkpoints/expr3d_forward_hard_x/best_model.pth 
2024-12-07 03:51:04,423 - INFO - New best model saved at Checkpoints/expr3d_forward_hard_x/best_model.pth 
2024-12-07 03:51:04,932 - INFO - New best model saved at Checkpoints/expr3d_forward_hard_x/best_model.pth 
2024-12-07 03:51:08,434 - INFO - New best model saved at Checkpoints/expr3d_forward_hard_x/best_model.pth 
2024-12-07 03:51:09,956 - INFO - New best model saved at Checkpoints/expr3d_forward_hard_x/best_model.pth 
2024-12-07 03:51:14,521 - INFO - New best model saved at Checkpoints/expr3d_forward_hard_x/best_model.pth 
2024-12-07 03:51:16,054 - INFO - New best model saved at Checkpoints/expr3d_forward_hard_x/best_model.pth 
2024-12-07 03:51:18,083 - INFO - New best model saved at Checkpoints/expr3d_forward_hard_x/best_model.pth 
2024-12-07 03:51:18,592 - INFO - New best model saved at Checkpoints/expr3d_forward_hard_x/best_model.pth 
2024-12-07 03:51:22,648 - INFO - New best model saved at Checkpoints/expr3d_forward_hard_x/best_model.pth 
2024-12-07 03:51:35,766 - INFO - New best model saved at Checkpoints/expr3d_forward_hard_x/best_model.pth 
2024-12-07 03:51:40,276 - INFO - New best model saved at Checkpoints/expr3d_forward_hard_x/best_model.pth 
2024-12-07 03:51:42,791 - INFO - New best model saved at Checkpoints/expr3d_forward_hard_x/best_model.pth 
2024-12-07 03:51:49,335 - INFO - New best model saved at Checkpoints/expr3d_forward_hard_x/best_model.pth 
2024-12-07 03:52:08,609 - INFO - New best model saved at Checkpoints/expr3d_forward_hard_x/best_model.pth 
2024-12-07 03:52:12,695 - INFO - New best model saved at Checkpoints/expr3d_forward_hard_x/best_model.pth 
2024-12-07 03:52:29,373 - INFO - New best model saved at Checkpoints/expr3d_forward_hard_x/best_model.pth 
2024-12-07 03:52:57,726 - INFO - New best model saved at Checkpoints/expr3d_forward_hard_x/best_model.pth 
2024-12-07 03:53:38,289 - INFO - Model loaded from Checkpoints/expr3d_forward_hard_x/best_model.pth
2024-12-07 03:53:39,073 - INFO - test_loss:0.0037472194526344538
